<?xml version="1.0" encoding="UTF-8"?>
<testng-results ignored="0" total="5" passed="5" failed="0" skipped="0">
  <reporter-output>
  </reporter-output>
  <suite started-at="2022-06-15T17:56:50 IST" name="Default suite" finished-at="2022-06-15T17:58:04 IST" duration-ms="73467">
    <groups>
    </groups>
    <test started-at="2022-06-15T17:56:50 IST" name="Default test" finished-at="2022-06-15T17:58:04 IST" duration-ms="73467">
      <class name="com.sgtesting.dataprovider.firstbasic">
        <test-method signature="launchBrowser()[pri:1, instance:com.sgtesting.dataprovider.firstbasic@4d0f2471]" started-at="2022-06-15T17:56:50 IST" name="launchBrowser" finished-at="2022-06-15T17:57:28 IST" duration-ms="37918" status="PASS">
          <reporter-output>
          </reporter-output>
        </test-method> <!-- launchBrowser -->
        <test-method signature="navigate()[pri:2, instance:com.sgtesting.dataprovider.firstbasic@4d0f2471]" started-at="2022-06-15T17:57:28 IST" name="navigate" finished-at="2022-06-15T17:57:42 IST" duration-ms="13340" status="PASS">
          <reporter-output>
          </reporter-output>
        </test-method> <!-- navigate -->
        <test-method signature="login(java.lang.String,java.lang.String)[pri:3, instance:com.sgtesting.dataprovider.firstbasic@4d0f2471]" started-at="2022-06-15T17:57:42 IST" name="login" data-provider="logindetails" finished-at="2022-06-15T17:58:02 IST" duration-ms="20022" status="PASS">
          <params>
            <param index="0">
              <value>
                <![CDATA[admin]]>
              </value>
            </param>
            <param index="1">
              <value>
                <![CDATA[manager]]>
              </value>
            </param>
          </params>
          <reporter-output>
          </reporter-output>
        </test-method> <!-- login -->
        <test-method signature="minimizeFlyOutWindow()[pri:4, instance:com.sgtesting.dataprovider.firstbasic@4d0f2471]" started-at="2022-06-15T17:58:02 IST" name="minimizeFlyOutWindow" finished-at="2022-06-15T17:58:02 IST" duration-ms="136" status="PASS">
          <reporter-output>
          </reporter-output>
        </test-method> <!-- minimizeFlyOutWindow -->
        <test-method signature="closeApplication()[pri:5, instance:com.sgtesting.dataprovider.firstbasic@4d0f2471]" started-at="2022-06-15T17:58:02 IST" name="closeApplication" finished-at="2022-06-15T17:58:04 IST" duration-ms="1879" status="PASS">
          <reporter-output>
          </reporter-output>
        </test-method> <!-- closeApplication -->
      </class> <!-- com.sgtesting.dataprovider.firstbasic -->
    </test> <!-- Default test -->
  </suite> <!-- Default suite -->
</testng-results>
