<?xml version="1.0" encoding="UTF-8"?>
<!-- Generated by org.testng.reporters.JUnitXMLReporter -->
<testsuite ignored="0" hostname="DESKTOP-RACJBIU" failures="0" tests="5" name="Default test" time="73.467" errors="0" timestamp="2022-06-15T17:58:04 IST">
  <testcase classname="com.sgtesting.dataprovider.firstbasic" name="launchBrowser" time="37.918"/>
  <testcase classname="com.sgtesting.dataprovider.firstbasic" name="navigate" time="13.34"/>
  <testcase classname="com.sgtesting.dataprovider.firstbasic" name="login" time="20.022"/>
  <testcase classname="com.sgtesting.dataprovider.firstbasic" name="minimizeFlyOutWindow" time="0.136"/>
  <testcase classname="com.sgtesting.dataprovider.firstbasic" name="closeApplication" time="1.879"/>
</testsuite> <!-- Default test -->
